<?xml version="1.0" encoding="UTF-8"?>
<!-- Generated by org.testng.reporters.JUnitXMLReporter -->
<testsuite hostname="USBLRPKATARIAS1" name="Test_ie" tests="1" failures="0" timestamp="4 Sep 2016 07:22:08 GMT" time="0.923" errors="0">
  <testcase name="@BeforeMethod AppLaunch" time="0.0" classname="com.company.Mainpackag.Delta">
    <failure type="java.lang.IllegalStateException" message="The path to the driver executable must be set by the webdriver.ie.driver system property; for more information, see https://github.com/SeleniumHQ/selenium/wiki/InternetExplorerDriver. The latest version can be downloaded from http://selenium-release.storage.googleapis.com/index.html">
      <![CDATA[java.lang.IllegalStateException: The path to the driver executable must be set by the webdriver.ie.driver system property; for more information, see https://github.com/SeleniumHQ/selenium/wiki/InternetExplorerDriver. The latest version can be downloaded from http://selenium-release.storage.googleapis.com/index.html
	at com.google.common.base.Preconditions.checkState(Preconditions.java:199)
	at org.openqa.selenium.remote.service.DriverService.findExecutable(DriverService.java:109)
	at org.openqa.selenium.ie.InternetExplorerDriverService.access$0(InternetExplorerDriverService.java:1)
	at org.openqa.selenium.ie.InternetExplorerDriverService$Builder.findDefaultExecutable(InternetExplorerDriverService.java:167)
	at org.openqa.selenium.remote.service.DriverService$Builder.build(DriverService.java:296)
	at org.openqa.selenium.ie.InternetExplorerDriver.setupService(InternetExplorerDriver.java:251)
	at org.openqa.selenium.ie.InternetExplorerDriver.<init>(InternetExplorerDriver.java:172)
	at org.openqa.selenium.ie.InternetExplorerDriver.<init>(InternetExplorerDriver.java:146)
	at com.company.Mainpackag.Delta.AppLaunch(Delta.java:50)
	at java.util.concurrent.FutureTask.run(Unknown Source)
	at java.util.concurrent.ThreadPoolExecutor.runWorker(Unknown Source)
	at java.util.concurrent.ThreadPoolExecutor$Worker.run(Unknown Source)
	at java.lang.Thread.run(Unknown Source)
... Removed 18 stack frames]]>
    </failure>
  </testcase> <!-- @BeforeMethod AppLaunch -->
  <testcase name="@AfterMethod quitApp" time="0.0" classname="com.company.Mainpackag.Delta">
    <skipped/>
  </testcase> <!-- @AfterMethod quitApp -->
  <testcase name="@AfterTest endFramework" time="0.0" classname="com.company.Mainpackag.Delta">
    <skipped/>
  </testcase> <!-- @AfterTest endFramework -->
  <testcase name="ScenarioName3" time="0.001" classname="com.company.Mainpackag.Delta">
    <skipped/>
  </testcase> <!-- ScenarioName3 -->
</testsuite> <!-- Test_ie -->
