<?xml version="1.0" encoding="UTF-8"?>
<testng-results skipped="1" failed="0" total="2" passed="1">
  <reporter-output>
  </reporter-output>
  <suite name="Suite" duration-ms="16195" started-at="2016-09-04T10:05:40Z" finished-at="2016-09-04T10:05:57Z">
    <groups>
    </groups>
    <test name="Test" duration-ms="16195" started-at="2016-09-04T10:05:40Z" finished-at="2016-09-04T10:05:57Z">
      <class name="com.company.Mainpackag.Delta">
        <test-method status="PASS" signature="initFrameWork()[pri:0, instance:com.company.Mainpackag.Delta@2a2d45ba]" name="initFrameWork" is-config="true" duration-ms="136" started-at="2016-09-04T15:35:40Z" finished-at="2016-09-04T15:35:41Z">
          <reporter-output>
          </reporter-output>
        </test-method> <!-- initFrameWork -->
        <test-method status="PASS" signature="AppLaunch(org.testng.xml.XmlTest)[pri:0, instance:com.company.Mainpackag.Delta@2a2d45ba]" name="AppLaunch" is-config="true" duration-ms="4665" started-at="2016-09-04T15:35:41Z" finished-at="2016-09-04T15:35:46Z">
          <params>
            <param index="0">
              <value>
                <![CDATA[[Test: "Test" verbose:1[parameters:][metagroups:] [included: ][excluded: ]  classes:[XmlClass class=com.company.Mainpackag.Delta]  packages:] ]]>
              </value>
            </param>
          </params>
          <reporter-output>
          </reporter-output>
        </test-method> <!-- AppLaunch -->
        <test-method status="PASS" signature="ScenarioName3(java.lang.String, java.lang.String)[pri:0, instance:com.company.Mainpackag.Delta@2a2d45ba]" name="ScenarioName3" duration-ms="6506" started-at="2016-09-04T15:35:46Z" data-provider="getMultipleScenarios" finished-at="2016-09-04T15:35:52Z">
          <params>
            <param index="0">
              <value>
                <![CDATA[LoginScenario]]>
              </value>
            </param>
            <param index="1">
              <value>
                <![CDATA[Yes]]>
              </value>
            </param>
          </params>
          <reporter-output>
          </reporter-output>
        </test-method> <!-- ScenarioName3 -->
        <test-method status="PASS" signature="quitApp(org.testng.ITestResult)[pri:0, instance:com.company.Mainpackag.Delta@2a2d45ba]" name="quitApp" is-config="true" duration-ms="3" started-at="2016-09-04T15:35:52Z" finished-at="2016-09-04T15:35:52Z">
          <params>
            <param index="0">
              <value>
                <![CDATA[[TestResult name=ScenarioName3 status=SUCCESS method=Delta.ScenarioName3(java.lang.String, java.lang.String)[pri:0, instance:com.company.Mainpackag.Delta@2a2d45ba] output={null}]]]>
              </value>
            </param>
          </params>
          <reporter-output>
          </reporter-output>
        </test-method> <!-- quitApp -->
        <test-method status="PASS" signature="AppLaunch(org.testng.xml.XmlTest)[pri:0, instance:com.company.Mainpackag.Delta@2a2d45ba]" name="AppLaunch" is-config="true" duration-ms="4214" started-at="2016-09-04T15:35:52Z" finished-at="2016-09-04T15:35:56Z">
          <params>
            <param index="0">
              <value>
                <![CDATA[[Test: "Test" verbose:1[parameters:][metagroups:] [included: ][excluded: ]  classes:[XmlClass class=com.company.Mainpackag.Delta]  packages:] ]]>
              </value>
            </param>
          </params>
          <reporter-output>
          </reporter-output>
        </test-method> <!-- AppLaunch -->
        <test-method status="SKIP" signature="ScenarioName3(java.lang.String, java.lang.String)[pri:0, instance:com.company.Mainpackag.Delta@2a2d45ba]" name="ScenarioName3" duration-ms="2" started-at="2016-09-04T15:35:56Z" data-provider="getMultipleScenarios" finished-at="2016-09-04T15:35:56Z">
          <params>
            <param index="0">
              <value>
                <![CDATA[LoginScenario]]>
              </value>
            </param>
            <param index="1">
              <value>
                <![CDATA[no]]>
              </value>
            </param>
          </params>
          <exception class="org.testng.SkipException">
            <message>
              <![CDATA[Skipping this scenario]]>
            </message>
            <full-stacktrace>
              <![CDATA[org.testng.SkipException: Skipping this scenario
	at com.company.Mainpackag.Delta.ScenarioName3(Delta.java:171)
	at sun.reflect.NativeMethodAccessorImpl.invoke0(Native Method)
	at sun.reflect.NativeMethodAccessorImpl.invoke(Unknown Source)
	at sun.reflect.DelegatingMethodAccessorImpl.invoke(Unknown Source)
	at java.lang.reflect.Method.invoke(Unknown Source)
	at org.testng.internal.MethodInvocationHelper.invokeMethod(MethodInvocationHelper.java:100)
	at org.testng.internal.Invoker.invokeMethod(Invoker.java:646)
	at org.testng.internal.Invoker.invokeTestMethod(Invoker.java:811)
	at org.testng.internal.Invoker.invokeTestMethods(Invoker.java:1129)
	at org.testng.internal.TestMethodWorker.invokeTestMethods(TestMethodWorker.java:129)
	at org.testng.internal.TestMethodWorker.run(TestMethodWorker.java:112)
	at org.testng.TestRunner.privateRun(TestRunner.java:746)
	at org.testng.TestRunner.run(TestRunner.java:600)
	at org.testng.SuiteRunner.runTest(SuiteRunner.java:366)
	at org.testng.SuiteRunner.runSequentially(SuiteRunner.java:361)
	at org.testng.SuiteRunner.privateRun(SuiteRunner.java:319)
	at org.testng.SuiteRunner.run(SuiteRunner.java:268)
	at org.testng.SuiteRunnerWorker.runSuite(SuiteRunnerWorker.java:52)
	at org.testng.SuiteRunnerWorker.run(SuiteRunnerWorker.java:86)
	at org.testng.TestNG.runSuitesSequentially(TestNG.java:1264)
	at org.testng.TestNG.runSuitesLocally(TestNG.java:1189)
	at org.testng.TestNG.runSuites(TestNG.java:1104)
	at org.testng.TestNG.run(TestNG.java:1076)
	at org.testng.remote.AbstractRemoteTestNG.run(AbstractRemoteTestNG.java:126)
	at org.testng.remote.RemoteTestNG.initAndRun(RemoteTestNG.java:152)
	at org.testng.remote.RemoteTestNG.main(RemoteTestNG.java:57)
]]>
            </full-stacktrace>
          </exception> <!-- org.testng.SkipException -->
          <reporter-output>
          </reporter-output>
        </test-method> <!-- ScenarioName3 -->
        <test-method status="PASS" signature="quitApp(org.testng.ITestResult)[pri:0, instance:com.company.Mainpackag.Delta@2a2d45ba]" name="quitApp" is-config="true" duration-ms="0" started-at="2016-09-04T15:35:56Z" finished-at="2016-09-04T15:35:56Z">
          <params>
            <param index="0">
              <value>
                <![CDATA[[TestResult name=ScenarioName3 status=SKIP method=Delta.ScenarioName3(java.lang.String, java.lang.String)[pri:0, instance:com.company.Mainpackag.Delta@2a2d45ba] output={null}]]]>
              </value>
            </param>
          </params>
          <reporter-output>
          </reporter-output>
        </test-method> <!-- quitApp -->
        <test-method status="PASS" signature="endFramework()[pri:0, instance:com.company.Mainpackag.Delta@2a2d45ba]" name="endFramework" is-config="true" duration-ms="205" started-at="2016-09-04T15:35:56Z" finished-at="2016-09-04T15:35:57Z">
          <reporter-output>
          </reporter-output>
        </test-method> <!-- endFramework -->
      </class> <!-- com.company.Mainpackag.Delta -->
    </test> <!-- Test -->
  </suite> <!-- Suite -->
</testng-results>
